<?xml version="1.0" encoding="UTF-8"?>
<!-- Generated by org.testng.reporters.JUnitReportReporter -->
<testsuite skipped="0" hostname="DESKTOP-DNMNT65" name="com.training.tests.OpportunityTest" tests="1" failures="0" timestamp="24 Nov 2022 05:40:11 GMT" time="27.474" errors="0">
  <testcase name="TestOpportunityPipelineReportTC17" time="27.474" classname="com.training.tests.OpportunityTest"/>
</testsuite> <!-- com.training.tests.OpportunityTest -->
