<?xml version="1.0" encoding="UTF-8"?>
<!-- Generated by org.testng.reporters.JUnitReportReporter -->
<testsuite skipped="0" hostname="DESKTOP-DNMNT65" name="com.training.tests.HomeTest" tests="1" failures="0" timestamp="24 Nov 2022 05:23:05 GMT" time="50.994" errors="0">
  <testcase name="myProfilefromUserDropDownTC6" time="50.994" classname="com.training.tests.HomeTest"/>
</testsuite> <!-- com.training.tests.HomeTest -->
