<?xml version="1.0" encoding="UTF-8"?>
<!-- Generated by org.testng.reporters.JUnitReportReporter -->
<testsuite skipped="0" hostname="DESKTOP-DNMNT65" name="com.training.tests.AccountTest" tests="1" failures="0" timestamp="24 Nov 2022 05:43:48 GMT" time="36.540" errors="0">
  <testcase name="createAccountReportTC14" time="36.540" classname="com.training.tests.AccountTest"/>
</testsuite> <!-- com.training.tests.AccountTest -->
