<?xml version="1.0" encoding="UTF-8"?>
<!-- Generated by org.testng.reporters.JUnitReportReporter -->
<testsuite skipped="0" hostname="DESKTOP-DNMNT65" name="com.training.tests.LeadTest" tests="1" failures="0" timestamp="24 Nov 2022 05:29:00 GMT" time="33.350" errors="0">
  <testcase name="defaultViewTC22" time="33.350" classname="com.training.tests.LeadTest"/>
</testsuite> <!-- com.training.tests.LeadTest -->
