<?xml version="1.0" encoding="UTF-8"?>
<!-- Generated by org.testng.reporters.JUnitReportReporter -->
<testsuite skipped="0" hostname="DESKTOP-DNMNT65" name="com.training.tests.ContactTest" tests="1" failures="0" timestamp="24 Nov 2022 05:26:24 GMT" time="13.271" errors="0">
  <testcase name="checkErrorMessageNewVieContactTC30" time="13.271" classname="com.training.tests.ContactTest"/>
</testsuite> <!-- com.training.tests.ContactTest -->
