<?xml version="1.0" encoding="UTF-8"?>
<!-- Generated by org.testng.reporters.JUnitReportReporter -->
<testsuite skipped="3" hostname="DESKTOP-DNMNT65" name="com.training.tests.LoginTest" tests="4" failures="0" timestamp="24 Nov 2022 05:18:59 GMT" time="11.689" errors="0">
  <testcase name="LogintoSalesforceTC2" time="11.689" classname="com.training.tests.LoginTest"/>
  <testcase name="testForgotPasswordTC4A" classname="com.training.tests.LoginTest">
    <skipped/>
  </testcase> <!-- testForgotPasswordTC4A -->
  <testcase name="CheckRememberMeTC3" classname="com.training.tests.LoginTest">
    <skipped/>
  </testcase> <!-- CheckRememberMeTC3 -->
  <testcase name="loginErrorMessageTc1" classname="com.training.tests.LoginTest">
    <skipped/>
  </testcase> <!-- loginErrorMessageTc1 -->
</testsuite> <!-- com.training.tests.LoginTest -->
