<?xml version="1.0" encoding="UTF-8"?>
<!-- Generated by org.testng.reporters.JUnitReportReporter -->
<testsuite skipped="0" hostname="DESKTOP-DNMNT65" name="com.training.tests.RandomScenarioTest" tests="5" failures="0" timestamp="24 Nov 2022 05:18:59 GMT" time="153.640" errors="0">
  <testcase name="VerifyTheTabCustomizationTC35" time="22.312" classname="com.training.tests.RandomScenarioTest"/>
  <testcase name="VerifyIftheFirstnameAndLastnameofTheLoggedInUserIsDisplayTC33" time="22.657" classname="com.training.tests.RandomScenarioTest"/>
  <testcase name="VerifyTheEditedLastnameIsUpdatedAtVariousPlacesTC34" time="28.684" classname="com.training.tests.RandomScenarioTest"/>
  <testcase name="BlockingnEventInTheCalenderTC36" time="42.623" classname="com.training.tests.RandomScenarioTest"/>
  <testcase name="BlockingaAneEventInTheCalenderWithWeeklyRecurranceTC37" time="37.364" classname="com.training.tests.RandomScenarioTest"/>
</testsuite> <!-- com.training.tests.RandomScenarioTest -->
